[26-Feb-2022 00:32:19] NOTICE: fpm is running, pid 16186
[26-Feb-2022 00:32:19] NOTICE: ready to handle connections
[26-Feb-2022 00:56:51] NOTICE: Terminating ...
[26-Feb-2022 00:56:51] NOTICE: Terminating ...
[26-Feb-2022 00:56:51] NOTICE: exiting, bye-bye!
[26-Feb-2022 00:56:59] NOTICE: fpm is running, pid 20843
[26-Feb-2022 00:56:59] NOTICE: ready to handle connections
[26-Feb-2022 02:30:51] NOTICE: Terminating ...
[26-Feb-2022 02:30:52] NOTICE: Terminating ...
[26-Feb-2022 02:30:52] NOTICE: exiting, bye-bye!
[26-Feb-2022 02:30:59] NOTICE: fpm is running, pid 26549
[26-Feb-2022 02:30:59] NOTICE: ready to handle connections
[26-Feb-2022 02:59:49] NOTICE: Terminating ...
[26-Feb-2022 02:59:49] NOTICE: Terminating ...
[26-Feb-2022 02:59:49] NOTICE: exiting, bye-bye!
[26-Feb-2022 23:18:34] NOTICE: fpm is running, pid 3587
[26-Feb-2022 23:18:34] NOTICE: ready to handle connections
[02-Mar-2022 11:03:24] NOTICE: Terminating ...
[02-Mar-2022 11:03:24] NOTICE: exiting, bye-bye!
[02-Mar-2022 11:08:13] NOTICE: fpm is running, pid 3495
[02-Mar-2022 11:08:13] NOTICE: ready to handle connections
[02-Mar-2022 21:58:13] NOTICE: Terminating ...
[02-Mar-2022 21:58:14] NOTICE: Terminating ...
[02-Mar-2022 21:58:14] NOTICE: Terminating ...
[02-Mar-2022 21:58:14] NOTICE: exiting, bye-bye!
[02-Mar-2022 21:58:33] NOTICE: fpm is running, pid 14055
[02-Mar-2022 21:58:33] NOTICE: ready to handle connections
